<!DOCTYPE html PUBLIC "-//W3C//DTD XHTML 1.1//EN" "https://www.w3.org/TR/xhtml11/DTD/xhtml11.dtd">
<html xmlns="https://www.w3.org/1999/xhtml">
<head>
<meta charset='utf-8'>
<title>TestNG Report</title>
<style type="text/css">
table {margin-bottom:10px;border-collapse:collapse;empty-cells:show}
td,th {border:1px solid #009;padding:.25em .5em}
.result th {vertical-align:bottom}
.param th {padding-left:1em;padding-right:1em}
.param td {padding-left:.5em;padding-right:2em}
.stripe td,.stripe th {background-color: #E6EBF9}
.numi,.numi_attn {text-align:right}
.total td {font-weight:bold}
.passedodd td {background-color: #0A0}
.passedeven td {background-color: #3F3}
.skippedodd td {background-color: #CCC}
.skippedodd td {background-color: #DDD}
.failedodd td,.numi_attn {background-color: #F33}
.failedeven td,.stripe .numi_attn {background-color: #D00}
.stacktrace {white-space:pre;font-family:monospace}
.totop {font-size:85%;text-align:center;border-bottom:2px solid #000}
</style>
</head>
<body>
<table cellspacing="0" cellpadding="0" class="testOverview">
<tr><th>Test</th><th>Methods<br/>Passed</th><th>Scenarios<br/>Passed</th><th># skipped</th><th># failed</th><th>Total<br/>Time</th><th>Included<br/>Groups</th><th>Excluded<br/>Groups</th></tr>
<tr><td style="text-align:left;padding-right:2em"><a href="#t1">OrangeHRM Test Cases</a></td><td class="numi">9</td><td class="numi">9</td><td class="numi">0</td><td class="numi_attn">2</td><td class="numi">61.1 seconds</td><td class="numi"></td><td class="numi"></td></tr>
</table>
<table cellspacing="0" cellpadding="0" class="methodOverview" id="summary">
<tr><th>Class</th><th>Method</th><th># of<br/>Scenarios</th><th>Start</th><th>Time<br/>(ms)</th></tr>
<tr id="t1"><th colspan="5">OrangeHRM Test Cases &#8212; failed</th></tr>
<tr class="failedodd"><td>TestCases.PMIPageTest</td><td><a href="#m1"><b>employeeIdTest</b>  </a></td><td class="numi">1</td><td>1661903794601</td><td class="numi">2727</td></tr>
<tr class="failedeven"><td>TestCases.DataImportPageTest</td><td><a href="#m2"><b>validateDataImport</b>  </a></td><td class="numi">1</td><td>1661903834514</td><td class="numi">3939</td></tr>
<tr><th colspan="5">OrangeHRM Test Cases &#8212; passed</th></tr>
<tr class="passedodd"><td>TestCases.PMIPageTest</td><td><a href="#m3"><b>employeeListTest</b>  </a></td><td class="numi">1</td><td>1661903789467</td><td class="numi">2704</td></tr>
<tr class="passedeven"><td>TestCases.AdminPageTest</td><td><a href="#m4"><b>selectAdminNameTest</b>  </a></td><td class="numi">1</td><td>1661903827259</td><td class="numi">4001</td></tr>
<tr class="passedodd"><td>TestCases.LoginPageTest</td><td><a href="#m5"><b>loginPageTest</b>  </a></td><td class="numi">1</td><td>1661903786272</td><td class="numi">442</td></tr>
<tr class="passedeven"><td>TestCases.AdminPageTest</td><td><a href="#m6"><b>adminLabelTest</b>  </a></td><td class="numi">1</td><td>1661903821211</td><td class="numi">3506</td></tr>
<tr class="passedodd"><td rowspan="2">TestCases.LoginPageTest</td><td><a href="#m7"><b>loginButtonTest</b>  </a></td><td class="numi">1</td><td>1661903783482</td><td class="numi">315</td></tr><tr class="passedodd"><td><a href="#m8"><b>loginPageTitleTest</b>  </a></td><td class="numi">1</td><td>1661903781023</td><td class="numi">24</td></tr>
<tr class="passedeven"><td rowspan="3">TestCases.AddEmployeePageTest</td><td><a href="#m9"><b>validateAddNewEmployeeTest</b>  </a></td><td class="numi">3</td><td>1661903800766</td><td class="numi">16984</td></tr><tr class="passedeven"><td><a href="#m10"><b>validateAddNewEmployeeTest</b>  </a></td><td class="numi">3</td><td>1661903800766</td><td class="numi">16984</td></tr><tr class="passedeven"><td><a href="#m11"><b>validateAddNewEmployeeTest</b>  </a></td><td class="numi">3</td><td>1661903800766</td><td class="numi">16984</td></tr>
</table>
<h1>OrangeHRM Test Cases</h1>
<h2 id="m1">TestCases.PMIPageTest:employeeIdTest</h2>
<div>
<div class="stacktrace">org.openqa.selenium.StaleElementReferenceException: stale element reference: element is not attached to the page document
  (Session info: chrome=104.0.5112.102)
For documentation on this error, please visit: https://selenium.dev/exceptions/#stale_element_reference
Build info: version: &apos;4.3.0&apos;, revision: &apos;a4995e2c09*&apos;
System info: host: &apos;SAKIF&apos;, ip: &apos;10.11.64.81&apos;, os.name: &apos;Windows 11&apos;, os.arch: &apos;amd64&apos;, os.version: &apos;10.0&apos;, java.version: &apos;18.0.1.1&apos;
Driver info: org.openqa.selenium.chrome.ChromeDriver
Command: [38459f86c195bf101b87ddfaf3191298, getElementText {id=f5f99c3f-d524-4e01-b29f-52b303c20a95}]
Capabilities {acceptInsecureCerts: false, browserName: chrome, browserVersion: 104.0.5112.102, chrome: {chromedriverVersion: 104.0.5112.79 (3cf3e8c8a07d..., userDataDir: C:\Users\arnob\AppData\Loca...}, goog:chromeOptions: {debuggerAddress: localhost:63379}, networkConnectionEnabled: false, pageLoadStrategy: normal, platformName: WINDOWS, proxy: Proxy(), se:cdp: ws://localhost:63379/devtoo..., se:cdpVersion: 104.0.5112.102, setWindowRect: true, strictFileInteractability: false, timeouts: {implicit: 0, pageLoad: 300000, script: 30000}, unhandledPromptBehavior: dismiss and notify, webauthn:extension:credBlob: true, webauthn:extension:largeBlob: true, webauthn:virtualAuthenticators: true}
Element: [[ChromeDriver: chrome on WINDOWS (38459f86c195bf101b87ddfaf3191298)] -&gt; css selector: .oxd-table-cell.oxd-padding-cell]
Session ID: 38459f86c195bf101b87ddfaf3191298
	at org.openqa.selenium.remote.codec.w3c.W3CHttpResponseCodec.createException(W3CHttpResponseCodec.java:200)
	at org.openqa.selenium.remote.codec.w3c.W3CHttpResponseCodec.decode(W3CHttpResponseCodec.java:133)
	at org.openqa.selenium.remote.codec.w3c.W3CHttpResponseCodec.decode(W3CHttpResponseCodec.java:53)
	at org.openqa.selenium.remote.HttpCommandExecutor.execute(HttpCommandExecutor.java:184)
	at org.openqa.selenium.remote.service.DriverCommandExecutor.invokeExecute(DriverCommandExecutor.java:167)
	at org.openqa.selenium.remote.service.DriverCommandExecutor.execute(DriverCommandExecutor.java:142)
	at org.openqa.selenium.remote.RemoteWebDriver.execute(RemoteWebDriver.java:569)
	at org.openqa.selenium.remote.RemoteWebElement.execute(RemoteWebElement.java:257)
	at org.openqa.selenium.remote.RemoteWebElement.getText(RemoteWebElement.java:207)
	at Pages.PMIPage.validateFirstAndLastName(PMIPage.java:49)
	at TestCases.PMIPageTest.employeeIdTest(PMIPageTest.java:21)
	at java.base/java.util.ArrayList.forEach(ArrayList.java:1511)
	at com.intellij.rt.testng.IDEARemoteTestNG.run(IDEARemoteTestNG.java:66)
	at com.intellij.rt.testng.RemoteTestNGStarter.main(RemoteTestNGStarter.java:109)
... Removed 25 stack frames</div>
</div>
<p class="totop"><a href="#summary">back to summary</a></p>
<h2 id="m2">TestCases.DataImportPageTest:validateDataImport</h2>
<div>
<div class="stacktrace">org.openqa.selenium.ElementNotInteractableException: element not interactable
  (Session info: chrome=104.0.5112.102)
Build info: version: &apos;4.3.0&apos;, revision: &apos;a4995e2c09*&apos;
System info: host: &apos;SAKIF&apos;, ip: &apos;10.11.64.81&apos;, os.name: &apos;Windows 11&apos;, os.arch: &apos;amd64&apos;, os.version: &apos;10.0&apos;, java.version: &apos;18.0.1.1&apos;
Driver info: org.openqa.selenium.chrome.ChromeDriver
Command: [6bb89668e08689c7979682e8c32756a6, sendKeysToElement {id=a002e7d4-ddc6-49d3-ab84-5cc19308b4b4, value=[Ljava.lang.CharSequence;@15186ce0}]
Capabilities {acceptInsecureCerts: false, browserName: chrome, browserVersion: 104.0.5112.102, chrome: {chromedriverVersion: 104.0.5112.79 (3cf3e8c8a07d..., userDataDir: C:\Users\arnob\AppData\Loca...}, goog:chromeOptions: {debuggerAddress: localhost:63579}, networkConnectionEnabled: false, pageLoadStrategy: normal, platformName: WINDOWS, proxy: Proxy(), se:cdp: ws://localhost:63579/devtoo..., se:cdpVersion: 104.0.5112.102, setWindowRect: true, strictFileInteractability: false, timeouts: {implicit: 0, pageLoad: 300000, script: 30000}, unhandledPromptBehavior: dismiss and notify, webauthn:extension:credBlob: true, webauthn:extension:largeBlob: true, webauthn:virtualAuthenticators: true}
Element: [[ChromeDriver: chrome on WINDOWS (6bb89668e08689c7979682e8c32756a6)] -&gt; css selector: .oxd-file-div.oxd-file-div--active]
Session ID: 6bb89668e08689c7979682e8c32756a6
	at org.openqa.selenium.remote.codec.w3c.W3CHttpResponseCodec.createException(W3CHttpResponseCodec.java:200)
	at org.openqa.selenium.remote.codec.w3c.W3CHttpResponseCodec.decode(W3CHttpResponseCodec.java:133)
	at org.openqa.selenium.remote.codec.w3c.W3CHttpResponseCodec.decode(W3CHttpResponseCodec.java:53)
	at org.openqa.selenium.remote.HttpCommandExecutor.execute(HttpCommandExecutor.java:184)
	at org.openqa.selenium.remote.service.DriverCommandExecutor.invokeExecute(DriverCommandExecutor.java:167)
	at org.openqa.selenium.remote.service.DriverCommandExecutor.execute(DriverCommandExecutor.java:142)
	at org.openqa.selenium.remote.RemoteWebDriver.execute(RemoteWebDriver.java:569)
	at org.openqa.selenium.remote.RemoteWebElement.execute(RemoteWebElement.java:257)
	at org.openqa.selenium.remote.RemoteWebElement.sendKeys(RemoteWebElement.java:113)
	at org.openqa.selenium.support.pagefactory.internal.LocatingElementHandler.invoke(LocatingElementHandler.java:52)
	at jdk.proxy2/jdk.proxy2.$Proxy16.sendKeys(Unknown Source)
	at Pages.DataImportPage.uploadFile(DataImportPage.java:19)
	at TestCases.DataImportPageTest.validateDataImport(DataImportPageTest.java:15)
	at java.base/java.util.ArrayList.forEach(ArrayList.java:1511)
	at com.intellij.rt.testng.IDEARemoteTestNG.run(IDEARemoteTestNG.java:66)
	at com.intellij.rt.testng.RemoteTestNGStarter.main(RemoteTestNGStarter.java:109)
... Removed 27 stack frames</div>
</div>
<p class="totop"><a href="#summary">back to summary</a></p>
<h2 id="m3">TestCases.LoginPageTest:loginPageTest</h2>
<p class="totop"><a href="#summary">back to summary</a></p>
<h2 id="m4">TestCases.AddEmployeePageTest:validateAddNewEmployeeTest</h2>
<table cellspacing="0" cellpadding="0" class="result">
<tr class="param"><th>Parameter #1</th><th>Parameter #2</th><th>Parameter #3</th></tr>
<tr class="param stripe"><td>Chris</td>
<td>Ronaldo</td>
<td>Snr</td>
</tr>
</table>
<p class="totop"><a href="#summary">back to summary</a></p>
<h2 id="m5">TestCases.AddEmployeePageTest:validateAddNewEmployeeTest</h2>
<table cellspacing="0" cellpadding="0" class="result">
<tr class="param"><th>Parameter #1</th><th>Parameter #2</th><th>Parameter #3</th></tr>
<tr class="param stripe"><td>Robert</td>
<td>Jnr</td>
<td>Bob</td>
</tr>
</table>
<p class="totop"><a href="#summary">back to summary</a></p>
<h2 id="m6">TestCases.AdminPageTest:adminLabelTest</h2>
<p class="totop"><a href="#summary">back to summary</a></p>
<h2 id="m7">TestCases.PMIPageTest:employeeListTest</h2>
<p class="totop"><a href="#summary">back to summary</a></p>
<h2 id="m8">TestCases.LoginPageTest:loginButtonTest</h2>
<p class="totop"><a href="#summary">back to summary</a></p>
<h2 id="m9">TestCases.LoginPageTest:loginPageTitleTest</h2>
<p class="totop"><a href="#summary">back to summary</a></p>
<h2 id="m10">TestCases.AddEmployeePageTest:validateAddNewEmployeeTest</h2>
<table cellspacing="0" cellpadding="0" class="result">
<tr class="param"><th>Parameter #1</th><th>Parameter #2</th><th>Parameter #3</th></tr>
<tr class="param stripe"><td>Mike</td>
<td>Pikacu</td>
<td>Ron</td>
</tr>
</table>
<p class="totop"><a href="#summary">back to summary</a></p>
<h2 id="m11">TestCases.AdminPageTest:selectAdminNameTest</h2>
<p class="totop"><a href="#summary">back to summary</a></p>
</body></html>
